C51 COMPILER V9.55   YEWEI                                                                 07/09/2020 01:46:58 PAGE 1   


C51 COMPILER V9.55, COMPILATION OF MODULE YEWEI
OBJECT MODULE PLACED IN yewei.OBJ
COMPILER INVOKED BY: E:\Program Files\Keil_v5\C51\BIN\C51.EXE yewei.c OPTIMIZE(8,SPEED) BROWSE DEBUG OBJECTEXTEND TABS(2
                    -)

line level    source

   1          #include <reg51.h>
   2          #include <DS18B20.h>
   3          #include <LCD1602.h>
   4          #include <TLC2543.h>
   5          
   6          #define uchar unsigned char
   7          #define uint  unsigned int
   8          
   9          sbit PWM=P2^4;    //电机PWM输出端口
  10          sbit SW=P2^5;     //电机正反转控制端口
  11          sbit K1=P3^0;     //功能设置按键
  12          sbit K2=P3^1;     //加按键
  13          sbit K3=P3^2;     //减按键
  14          sbit temperature_buzzer=P1^4; //温度警报,40度报警
  15          
  16          uchar ratio=10;   //PWM占空比
  17          uchar count=0;    //PWM定时计数
  18          uchar func=0;     //系统功能，0当前状态，1上下限设置，2电机转速，3PID参数
  19          uchar high=150,low=50,height=0;
  20          uchar LCD_Buf1[16]={"W = 000.0m"};    //液位
  21          uchar LCD_Buf2[16]={"T = 000.0C"};    //温度
  22          uchar LCD_Buf3[16]={"H = 150.0m"};    //液位上限
  23          uchar LCD_Buf4[16]={"L = 050.0m"};    //液位下限
  24          uchar LCD_Buf5[16]={"Full = 384r/m"}; //转速
  25          uchar LCD_Buf6[16]={"Now  = 000r/m"}; //目前转速
  26          
  27          int temperature_buzzer_judge=0; //判断是否报警，1为异常
  28          
  29          
  30          //------------------------------------------------------
  31          //显示温度及液位
  32          //------------------------------------------------------
  33          void Display_HT(void)
  34          {
  35   1        uint volt,t;
  36   1        //电压值显示数据处理
  37   1        volt=TLC2543(0)*50.0/4095*102.3/2.5;
  38   1        LCD_Buf1[4]=volt/1000+'0';
  39   1        LCD_Buf1[5]=volt/100%10+'0';
  40   1        LCD_Buf1[6]=volt/10%10+'0';
  41   1        LCD_Buf1[8]=volt%10+'0';
  42   1        //温度值显示数据处理
  43   1        t=ReadTemperature();
  44   1        LCD_Buf2[4]=t/1000+'0';
  45   1        LCD_Buf2[5]=t/100%10+'0';
  46   1        LCD_Buf2[6]=t/10%10+'0';
  47   1        LCD_Buf2[8]=t%10+'0';
  48   1        if(t>400){
  49   2          temperature_buzzer=0; //温度超过40度报警
  50   2          temperature_buzzer_judge+=1;
  51   2        }
  52   1        else{
  53   2          temperature_buzzer=1; //正常
  54   2          temperature_buzzer_judge=0;
C51 COMPILER V9.55   YEWEI                                                                 07/09/2020 01:46:58 PAGE 2   

  55   2        }
  56   1        LCD_Buf2[15]='A';
  57   1        //刷新LCD数据
  58   1        LCD_Display_String(0,0,LCD_Buf1);
  59   1        LCD_Display_String(0,1,LCD_Buf2);
  60   1      }
  61          
  62          //------------------------------------------------------
  63          //上限设置程序
  64          //------------------------------------------------------
  65          void High_Set()
  66          {
  67   1        uint x;
  68   1        if(K2==0)       //加按键
  69   1        { Delay(10);
  70   2          if((K2==0)&&(high<200))
  71   2            high++;
  72   2          while(K2==0);
  73   2        }
  74   1        if(K3==0)       //减按键
  75   1        { Delay(10);
  76   2          if((K3==0)&&(high>low))
  77   2            high--;
  78   2          while(K3==0);
  79   2        }
  80   1        //上限显示数据处理
  81   1        x=high*10;
  82   1        LCD_Buf3[4]=x/1000+'0';
  83   1        LCD_Buf3[5]=x/100%10+'0';
  84   1        LCD_Buf3[6]=x/10%10+'0';
  85   1        LCD_Buf3[8]=x%10+'0';
  86   1      
  87   1        LCD_Buf4[15]='B';
  88   1        //刷新LCD数据
  89   1        LCD_Display_String(0,0,LCD_Buf3);
  90   1        LCD_Display_String(0,1,LCD_Buf4);
  91   1      }
  92          
  93          //------------------------------------------------------
  94          //下限设置程序
  95          //------------------------------------------------------
  96          void Low_Set()
  97          {
  98   1        uint x;
  99   1        if(K2==0)       //加按键
 100   1        { Delay(10);
 101   2          if((K2==0)&&(low<high))
 102   2            low++;
 103   2          while(K2==0);
 104   2        }
 105   1        if(K3==0)       //减按键
 106   1        { Delay(10);
 107   2          if((K3==0)&&(low>1))
 108   2            low--;
 109   2          while(K3==0);
 110   2        }
 111   1        //下限显示数据处理
 112   1        x=low*10;
 113   1        LCD_Buf4[4]=x/1000+'0';
 114   1        LCD_Buf4[5]=x/100%10+'0';
 115   1        LCD_Buf4[6]=x/10%10+'0';
 116   1        LCD_Buf4[8]=x%10+'0';
C51 COMPILER V9.55   YEWEI                                                                 07/09/2020 01:46:58 PAGE 3   

 117   1      
 118   1        LCD_Buf4[15]='C';
 119   1        //刷新LCD数据
 120   1        LCD_Display_String(0,0,LCD_Buf3);
 121   1        LCD_Display_String(0,1,LCD_Buf4);
 122   1      }
 123          
 124          //------------------------------------------------------
 125          //显示电机全速与当前转速
 126          //------------------------------------------------------
 127          void Display_Motor()
 128          {
 129   1        uint x;
 130   1        //电机当前转速显示数据处理
 131   1        switch(ratio)
 132   1        {
 133   2          case 100: x=384;break;
 134   2          case 43:  x=192;break;
 135   2          case 26:  x=115;break;
 136   2          case 0:   x=0;  
 137   2        }
 138   1        LCD_Buf6[7]=x/100+'0';
 139   1        LCD_Buf6[8]=x/10%10+'0';
 140   1        LCD_Buf6[9]=x%10+'0';
 141   1      
 142   1        LCD_Buf6[15]='D';
 143   1        //刷新LCD数据
 144   1        LCD_Display_String(0,0,LCD_Buf5);
 145   1        LCD_Display_String(0,1,LCD_Buf6);
 146   1      
 147   1      }
 148          //------------------------------------------------------
 149          //K1按键扫描及系统功能
 150          //------------------------------------------------------
 151          void Func_Choice()    
 152          {
 153   1        if(K1==0)
 154   1        { Delay(10);
 155   2          if(K1==0)
 156   2            func=(++func)%4;
 157   2          while(K1==0);
 158   2        }
 159   1        switch(func)
 160   1        {
 161   2          case 0: Display_HT();break;
 162   2          case 1: High_Set();break;
 163   2          case 2: Low_Set();break; 
 164   2          case 3: Display_Motor();
 165   2        }
 166   1      }
 167          
 168          
 169          //------------------------------------------------------
 170          //电机转速和转向控制
 171          //------------------------------------------------------
 172          void Motor()
 173          {
 174   1        uchar l;
 175   1        l=TLC2543(0)*5.0/4095*102.3/2.5;
 176   1        if(l<low)     //低于下限正转
 177   1        {
 178   2          SW=0;
C51 COMPILER V9.55   YEWEI                                                                 07/09/2020 01:46:58 PAGE 4   

 179   2          if(l<low*0.1) ratio=100;
 180   2          if((l>=low*0.1)&&(l<low*0.3)) ratio=42;
 181   2          if(l>=low*0.3)  ratio=26; 
 182   2        }
 183   1        else if(l>high)   //高于上限反转
 184   1        { 
 185   2          SW=1;
 186   2          if(l<high+(204.7-high)*0.7)   ratio=26;
 187   2          if((l>=high+(204.7-high)*0.7)&&(l<high+(204.7-high)*0.9)) ratio=43;
 188   2          if(l>=high+(204.7-high)*0.9)  ratio=100;  
 189   2        }
 190   1        else
 191   1          ratio=0;
 192   1      }
 193          
 194          
 195          //------------------------------------------------------
 196          //定时中断初始化程序
 197          //------------------------------------------------------
 198          void T0_Init()
 199          {
 200   1        TMOD=0x01;          //设置T0工作方式2
 201   1        TH0=(65535-500)/256;    //定时1000us
 202   1        TL0=(65536-500)%256;
 203   1        EA=1;           //开T0中断
 204   1        ET0=1;
 205   1        TR0=1;            //启动定时
 206   1      }
 207          //------------------------------------------------------
 208          //T0中断服务程序
 209          //------------------------------------------------------
 210          void Timer0() interrupt 1     
 211          {
 212   1        TH0=(65535-500)/256;    //定时1000us
 213   1        TL0=(65536-500)%256;
 214   1        if(ratio==0)  PWM=1;
 215   1        else if(ratio==100) PWM=0;
 216   1        else
 217   1        { count++;
 218   2          if(count==100)  count=0;
 219   2          if(count==1)    PWM=0;
 220   2          else if(count==(ratio+1)) PWM=1;
 221   2        }
 222   1      }
 223          
 224          //------------------------------------------------------
 225          //基本数据初始化
 226          //------------------------------------------------------
 227          void base_init()
 228          {
 229   1        temperature_buzzer=1; //温度报警模块清零
 230   1      }
 231          
 232          void main()
 233          {
 234   1        base_init();  //基本数据初始化
 235   1        LCD_Init();   //液晶显示器初始化
 236   1        T0_Init();    //中断初始化
 237   1        while(1)
 238   1        {
 239   2          Func_Choice();    //系统功能选择
 240   2          Motor();      //电机控制
C51 COMPILER V9.55   YEWEI                                                                 07/09/2020 01:46:58 PAGE 5   

 241   2        }
 242   1      }
 243          
 244          
 245          


MODULE INFORMATION:   STATIC OVERLAYABLE
   CODE SIZE        =   2146    ----
   CONSTANT SIZE    =   ----    ----
   XDATA SIZE       =   ----    ----
   PDATA SIZE       =   ----    ----
   DATA SIZE        =    104      17
   IDATA SIZE       =   ----    ----
   BIT SIZE         =   ----    ----
END OF MODULE INFORMATION.


C51 COMPILATION COMPLETE.  0 WARNING(S),  0 ERROR(S)
